[1015/191200.445:ERROR:directory_reader_win.cc(43)] FindFirstFile: Le chemin d’accès spécifié est introuvable. (0x3)
[1015/201801.206:ERROR:directory_reader_win.cc(43)] FindFirstFile: Le chemin d’accès spécifié est introuvable. (0x3)
[1015/223101.407:ERROR:directory_reader_win.cc(43)] FindFirstFile: Le chemin d’accès spécifié est introuvable. (0x3)
[1016/124850.498:ERROR:directory_reader_win.cc(43)] FindFirstFile: Le chemin d’accès spécifié est introuvable. (0x3)
[1016/141632.638:ERROR:process_memory_win.cc(73)] ReadMemory at 0x23ca21cd9b0 of 72 bytes failed: Seule une partie d’une requête ReadProcessMemory ou WriteProcessMemory a été effectuée. (0x12B)
[1016/141632.638:WARNING:pe_image_annotations_reader.cc(135)] could not read annotations list object in C:\Program Files (x86)\BraveSoftware\Brave-Browser\Application\86.1.15.72\chrome_elf.dll
[1016/141632.639:ERROR:process_memory_win.cc(73)] ReadMemory at 0x23ca27f3a90 of 72 bytes failed: Seule une partie d’une requête ReadProcessMemory ou WriteProcessMemory a été effectuée. (0x12B)
[1016/141632.639:WARNING:pe_image_annotations_reader.cc(135)] could not read annotations list object in C:\Program Files (x86)\BraveSoftware\Brave-Browser\Application\86.1.15.72\chrome.dll
[1016/141632.653:ERROR:process_memory_win.cc(73)] ReadMemory at 0x7ff685f40000 of 64 bytes failed: Seule une partie d’une requête ReadProcessMemory ou WriteProcessMemory a été effectuée. (0x12B)
[1016/141632.653:WARNING:pe_image_reader.cc(340)] could not read dos header from C:\Program Files (x86)\BraveSoftware\Brave-Browser\Application\brave.exe
[1016/141632.653:ERROR:process_memory_win.cc(73)] ReadMemory at 0x7ffcbf510000 of 64 bytes failed: Seule une partie d’une requête ReadProcessMemory ou WriteProcessMemory a été effectuée. (0x12B)
[1016/141632.653:WARNING:pe_image_reader.cc(340)] could not read dos header from C:\WINDOWS\System32\KERNELBASE.dll
[1016/141632.653:ERROR:process_memory_win.cc(73)] ReadMemory at 0x7ffc506d0000 of 64 bytes failed: Seule une partie d’une requête ReadProcessMemory ou WriteProcessMemory a été effectuée. (0x12B)
[1016/141632.653:WARNING:pe_image_reader.cc(340)] could not read dos header from C:\Program Files (x86)\BraveSoftware\Brave-Browser\Application\86.1.15.72\chrome_elf.dll
[1016/141632.653:ERROR:process_memory_win.cc(73)] ReadMemory at 0x7ffcb7320000 of 64 bytes failed: Seule une partie d’une requête ReadProcessMemory ou WriteProcessMemory a été effectuée. (0x12B)
[1016/141632.654:WARNING:pe_image_reader.cc(340)] could not read dos header from C:\WINDOWS\SYSTEM32\VERSION.dll
[1016/141632.654:ERROR:process_memory_win.cc(73)] ReadMemory at 0x7ffcc0280000 of 64 bytes failed: Seule une partie d’une requête ReadProcessMemory ou WriteProcessMemory a été effectuée. (0x12B)
[1016/141632.654:WARNING:pe_image_reader.cc(340)] could not read dos header from C:\WINDOWS\System32\msvcrt.dll
[1016/141632.654:ERROR:process_memory_win.cc(73)] ReadMemory at 0x7ffcc0d80000 of 64 bytes failed: Seule une partie d’une requête ReadProcessMemory ou WriteProcessMemory a été effectuée. (0x12B)
[1016/141632.654:WARNING:pe_image_reader.cc(340)] could not read dos header from C:\WINDOWS\System32\ADVAPI32.dll
[1016/141632.654:ERROR:process_memory_win.cc(73)] ReadMemory at 0x7ffcc0e30000 of 64 bytes failed: Seule une partie d’une requête ReadProcessMemory ou WriteProcessMemory a été effectuée. (0x12B)
[1016/141632.654:WARNING:pe_image_reader.cc(340)] could not read dos header from C:\WINDOWS\System32\sechost.dll
[1016/141632.654:ERROR:process_memory_win.cc(73)] ReadMemory at 0x7ffcbff80000 of 64 bytes failed: Seule une partie d’une requête ReadProcessMemory ou WriteProcessMemory a été effectuée. (0x12B)
[1016/141632.654:WARNING:pe_image_reader.cc(340)] could not read dos header from C:\WINDOWS\System32\RPCRT4.dll
[1016/141632.654:ERROR:process_memory_win.cc(73)] ReadMemory at 0x7ffc13bf0000 of 64 bytes failed: Seule une partie d’une requête ReadProcessMemory ou WriteProcessMemory a été effectuée. (0x12B)
[1016/141632.655:WARNING:pe_image_reader.cc(340)] could not read dos header from C:\Program Files (x86)\BraveSoftware\Brave-Browser\Application\86.1.15.72\chrome.dll
[1016/141632.655:ERROR:process_memory_win.cc(73)] ReadMemory at 0x7ffcc16c0000 of 64 bytes failed: Seule une partie d’une requête ReadProcessMemory ou WriteProcessMemory a été effectuée. (0x12B)
[1016/141632.655:WARNING:pe_image_reader.cc(340)] could not read dos header from C:\WINDOWS\System32\WS2_32.dll
[1016/141632.656:ERROR:process_memory_win.cc(73)] ReadMemory at 0x7ffcc0100000 of 64 bytes failed: Seule une partie d’une requête ReadProcessMemory ou WriteProcessMemory a été effectuée. (0x12B)
[1016/141632.656:WARNING:pe_image_reader.cc(340)] could not read dos header from C:\WINDOWS\System32\OLEAUT32.dll
[1016/141632.656:ERROR:process_memory_win.cc(73)] ReadMemory at 0x7ffcbf2c0000 of 64 bytes failed: Seule une partie d’une requête ReadProcessMemory ou WriteProcessMemory a été effectuée. (0x12B)
[1016/141632.656:WARNING:pe_image_reader.cc(340)] could not read dos header from C:\WINDOWS\System32\msvcp_win.dll
[1016/141632.657:ERROR:process_memory_win.cc(73)] ReadMemory at 0x7ffcbf080000 of 64 bytes failed: Seule une partie d’une requête ReadProcessMemory ou WriteProcessMemory a été effectuée. (0x12B)
[1016/141632.657:WARNING:pe_image_reader.cc(340)] could not read dos header from C:\WINDOWS\System32\ucrtbase.dll
[1016/141632.657:ERROR:process_memory_win.cc(73)] ReadMemory at 0x7ffcc0a20000 of 64 bytes failed: Seule une partie d’une requête ReadProcessMemory ou WriteProcessMemory a été effectuée. (0x12B)
[1016/141632.657:WARNING:pe_image_reader.cc(340)] could not read dos header from C:\WINDOWS\System32\combase.dll
[1016/141632.657:ERROR:process_memory_win.cc(73)] ReadMemory at 0x7ffcbf020000 of 64 bytes failed: Seule une partie d’une requête ReadProcessMemory ou WriteProcessMemory a été effectuée. (0x12B)
[1016/141632.657:WARNING:pe_image_reader.cc(340)] could not read dos header from C:\WINDOWS\System32\WINTRUST.dll
[1016/141632.658:ERROR:process_memory_win.cc(73)] ReadMemory at 0x7ffcbeec0000 of 64 bytes failed: Seule une partie d’une requête ReadProcessMemory ou WriteProcessMemory a été effectuée. (0x12B)
[1016/141632.658:WARNING:pe_image_reader.cc(340)] could not read dos header from C:\WINDOWS\System32\CRYPT32.dll
[1016/141632.658:ERROR:process_memory_win.cc(73)] ReadMemory at 0x7ffc9f850000 of 64 bytes failed: Seule une partie d’une requête ReadProcessMemory ou WriteProcessMemory a été effectuée. (0x12B)
[1016/141632.658:WARNING:pe_image_reader.cc(340)] could not read dos header from C:\WINDOWS\SYSTEM32\dbghelp.dll
[1016/141632.658:ERROR:process_memory_win.cc(73)] ReadMemory at 0x7ffcbe350000 of 64 bytes failed: Seule une partie d’une requête ReadProcessMemory ou WriteProcessMemory a été effectuée. (0x12B)
[1016/141632.658:WARNING:pe_image_reader.cc(340)] could not read dos header from C:\WINDOWS\SYSTEM32\IPHLPAPI.DLL
[1016/141632.658:ERROR:process_memory_win.cc(73)] ReadMemory at 0x7ffca8770000 of 64 bytes failed: Seule une partie d’une requête ReadProcessMemory ou WriteProcessMemory a été effectuée. (0x12B)
[1016/141632.658:WARNING:pe_image_reader.cc(340)] could not read dos header from C:\WINDOWS\SYSTEM32\WINMM.dll
[1016/141632.659:ERROR:process_memory_win.cc(73)] ReadMemory at 0x7ffc843e0000 of 64 bytes failed: Seule une partie d’une requête ReadProcessMemory ou WriteProcessMemory a été effectuée. (0x12B)
[1016/141632.659:WARNING:pe_image_reader.cc(340)] could not read dos header from C:\WINDOWS\SYSTEM32\UIAutomationCore.DLL
[1016/141632.659:ERROR:process_memory_win.cc(73)] ReadMemory at 0x7ffca5500000 of 64 bytes failed: Seule une partie d’une requête ReadProcessMemory ou WriteProcessMemory a été effectuée. (0x12B)
[1016/141632.659:WARNING:pe_image_reader.cc(340)] could not read dos header from C:\WINDOWS\SYSTEM32\Secur32.dll
[1016/141632.659:ERROR:process_memory_win.cc(73)] ReadMemory at 0x7ffcbedb0000 of 64 bytes failed: Seule une partie d’une requête ReadProcessMemory ou WriteProcessMemory a été effectuée. (0x12B)
[1016/141632.659:WARNING:pe_image_reader.cc(340)] could not read dos header from C:\WINDOWS\SYSTEM32\USERENV.dll
[1016/141632.659:ERROR:process_memory_win.cc(73)] ReadMemory at 0x7ffca9240000 of 64 bytes failed: Seule une partie d’une requête ReadProcessMemory ou WriteProcessMemory a été effectuée. (0x12B)
[1016/141632.659:WARNING:pe_image_reader.cc(340)] could not read dos header from C:\WINDOWS\SYSTEM32\DWrite.dll
[1016/141632.660:ERROR:process_memory_win.cc(73)] ReadMemory at 0x7ffca5f50000 of 64 bytes failed: Seule une partie d’une requête ReadProcessMemory ou WriteProcessMemory a été effectuée. (0x12B)
[1016/141632.660:WARNING:pe_image_reader.cc(340)] could not read dos header from C:\WINDOWS\SYSTEM32\WINSPOOL.DRV
[1016/141632.660:ERROR:process_memory_win.cc(73)] ReadMemory at 0x7ffca9100000 of 64 bytes failed: Seule une partie d’une requête ReadProcessMemory ou WriteProcessMemory a été effectuée. (0x12B)
[1016/141632.660:WARNING:pe_image_reader.cc(340)] could not read dos header from C:\WINDOWS\SYSTEM32\WINHTTP.dll
[1016/141632.660:ERROR:process_memory_win.cc(73)] ReadMemory at 0x7ffcb7580000 of 64 bytes failed: Seule une partie d’une requête ReadProcessMemory ou WriteProcessMemory a été effectuée. (0x12B)
[1016/141632.660:WARNING:pe_image_reader.cc(340)] could not read dos header from C:\WINDOWS\SYSTEM32\dhcpcsvc.DLL
[1016/141632.660:ERROR:process_memory_win.cc(73)] ReadMemory at 0x7ffcbaa40000 of 64 bytes failed: Seule une partie d’une requête ReadProcessMemory ou WriteProcessMemory a été effectuée. (0x12B)
[1016/141632.660:WARNING:pe_image_reader.cc(340)] could not read dos header from C:\WINDOWS\SYSTEM32\PROPSYS.dll
[1016/141632.660:ERROR:process_memory_win.cc(73)] ReadMemory at 0x7ffcbed70000 of 64 bytes failed: Seule une partie d’une requête ReadProcessMemory ou WriteProcessMemory a été effectuée. (0x12B)
[1016/141632.661:WARNING:pe_image_reader.cc(340)] could not read dos header from C:\WINDOWS\SYSTEM32\SSPICLI.DLL
[1016/141632.661:ERROR:process_memory_win.cc(73)] ReadMemory at 0x7ffcbeab0000 of 64 bytes failed: Seule une partie d’une requête ReadProcessMemory ou WriteProcessMemory a été effectuée. (0x12B)
[1016/141632.661:WARNING:pe_image_reader.cc(340)] could not read dos header from C:\WINDOWS\System32\MSASN1.dll
[1016/141632.661:ERROR:process_memory_win.cc(73)] ReadMemory at 0x7ffcbf360000 of 64 bytes failed: Seule une partie d’une requête ReadProcessMemory ou WriteProcessMemory a été effectuée. (0x12B)
[1016/141632.661:WARNING:pe_image_reader.cc(340)] could not read dos header from C:\WINDOWS\System32\bcryptPrimitives.dll
[1016/141632.661:ERROR:process_memory_win.cc(73)] ReadMemory at 0x7ffcbe8a0000 of 64 bytes failed: Seule une partie d’une requête ReadProcessMemory ou WriteProcessMemory a été effectuée. (0x12B)
[1016/141632.661:WARNING:pe_image_reader.cc(340)] could not read dos header from C:\WINDOWS\SYSTEM32\CRYPTBASE.DLL
[1016/141632.661:ERROR:process_memory_win.cc(73)] ReadMemory at 0x7ff685f40000 of 64 bytes failed: Seule une partie d’une requête ReadProcessMemory ou WriteProcessMemory a été effectuée. (0x12B)
[1016/141632.661:WARNING:pe_image_reader.cc(340)] could not read dos header from C:\Program Files (x86)\BraveSoftware\Brave-Browser\Application\brave.exe
[1016/141632.661:ERROR:process_memory_win.cc(73)] ReadMemory at 0x7ffcc1770000 of 64 bytes failed: Seule une partie d’une requête ReadProcessMemory ou WriteProcessMemory a été effectuée. (0x12B)
[1016/141632.662:WARNING:pe_image_reader.cc(340)] could not read dos header from C:\WINDOWS\SYSTEM32\ntdll.dll
[1016/141632.662:ERROR:process_memory_win.cc(73)] ReadMemory at 0x7ffcc11c0000 of 64 bytes failed: Seule une partie d’une requête ReadProcessMemory ou WriteProcessMemory a été effectuée. (0x12B)
[1016/141632.662:WARNING:pe_image_reader.cc(340)] could not read dos header from C:\WINDOWS\System32\KERNEL32.DLL
[1016/141632.662:ERROR:process_memory_win.cc(73)] ReadMemory at 0x7ffcbf510000 of 64 bytes failed: Seule une partie d’une requête ReadProcessMemory ou WriteProcessMemory a été effectuée. (0x12B)
[1016/141632.662:WARNING:pe_image_reader.cc(340)] could not read dos header from C:\WINDOWS\System32\KERNELBASE.dll
[1016/141632.662:ERROR:process_memory_win.cc(73)] ReadMemory at 0x7ffc506d0000 of 64 bytes failed: Seule une partie d’une requête ReadProcessMemory ou WriteProcessMemory a été effectuée. (0x12B)
[1016/141632.662:WARNING:pe_image_reader.cc(340)] could not read dos header from C:\Program Files (x86)\BraveSoftware\Brave-Browser\Application\86.1.15.72\chrome_elf.dll
[1016/141632.662:ERROR:process_memory_win.cc(73)] ReadMemory at 0x7ffcb7320000 of 64 bytes failed: Seule une partie d’une requête ReadProcessMemory ou WriteProcessMemory a été effectuée. (0x12B)
[1016/141632.662:WARNING:pe_image_reader.cc(340)] could not read dos header from C:\WINDOWS\SYSTEM32\VERSION.dll
[1016/141632.663:ERROR:process_memory_win.cc(73)] ReadMemory at 0x7ffcc0280000 of 64 bytes failed: Seule une partie d’une requête ReadProcessMemory ou WriteProcessMemory a été effectuée. (0x12B)
[1016/141632.663:WARNING:pe_image_reader.cc(340)] could not read dos header from C:\WINDOWS\System32\msvcrt.dll
[1016/141632.663:ERROR:process_memory_win.cc(73)] ReadMemory at 0x7ffcc0d80000 of 64 bytes failed: Seule une partie d’une requête ReadProcessMemory ou WriteProcessMemory a été effectuée. (0x12B)
[1016/141632.663:WARNING:pe_image_reader.cc(340)] could not read dos header from C:\WINDOWS\System32\ADVAPI32.dll
[1016/141632.663:ERROR:process_memory_win.cc(73)] ReadMemory at 0x7ffcc0e30000 of 64 bytes failed: Seule une partie d’une requête ReadProcessMemory ou WriteProcessMemory a été effectuée. (0x12B)
[1016/141632.663:WARNING:pe_image_reader.cc(340)] could not read dos header from C:\WINDOWS\System32\sechost.dll
[1016/141632.663:ERROR:process_memory_win.cc(73)] ReadMemory at 0x7ffcbff80000 of 64 bytes failed: Seule une partie d’une requête ReadProcessMemory ou WriteProcessMemory a été effectuée. (0x12B)
[1016/141632.663:WARNING:pe_image_reader.cc(340)] could not read dos header from C:\WINDOWS\System32\RPCRT4.dll
[1016/141632.663:ERROR:process_memory_win.cc(73)] ReadMemory at 0x7ffc13bf0000 of 64 bytes failed: Seule une partie d’une requête ReadProcessMemory ou WriteProcessMemory a été effectuée. (0x12B)
[1016/141632.663:WARNING:pe_image_reader.cc(340)] could not read dos header from C:\Program Files (x86)\BraveSoftware\Brave-Browser\Application\86.1.15.72\chrome.dll
[1016/141632.664:ERROR:process_memory_win.cc(73)] ReadMemory at 0x7ffcc16c0000 of 64 bytes failed: Seule une partie d’une requête ReadProcessMemory ou WriteProcessMemory a été effectuée. (0x12B)
[1016/141632.664:WARNING:pe_image_reader.cc(340)] could not read dos header from C:\WINDOWS\System32\WS2_32.dll
[1016/141632.664:ERROR:process_memory_win.cc(73)] ReadMemory at 0x7ffcc0100000 of 64 bytes failed: Seule une partie d’une requête ReadProcessMemory ou WriteProcessMemory a été effectuée. (0x12B)
[1016/141632.664:WARNING:pe_image_reader.cc(340)] could not read dos header from C:\WINDOWS\System32\OLEAUT32.dll
[1016/141632.664:ERROR:process_memory_win.cc(73)] ReadMemory at 0x7ffcbf2c0000 of 64 bytes failed: Seule une partie d’une requête ReadProcessMemory ou WriteProcessMemory a été effectuée. (0x12B)
[1016/141632.664:WARNING:pe_image_reader.cc(340)] could not read dos header from C:\WINDOWS\System32\msvcp_win.dll
[1016/141632.664:ERROR:process_memory_win.cc(73)] ReadMemory at 0x7ffcbf080000 of 64 bytes failed: Seule une partie d’une requête ReadProcessMemory ou WriteProcessMemory a été effectuée. (0x12B)
[1016/141632.664:WARNING:pe_image_reader.cc(340)] could not read dos header from C:\WINDOWS\System32\ucrtbase.dll
[1016/141632.664:ERROR:process_memory_win.cc(73)] ReadMemory at 0x7ffcc0a20000 of 64 bytes failed: Seule une partie d’une requête ReadProcessMemory ou WriteProcessMemory a été effectuée. (0x12B)
[1016/141632.664:WARNING:pe_image_reader.cc(340)] could not read dos header from C:\WINDOWS\System32\combase.dll
[1016/141632.664:ERROR:process_memory_win.cc(73)] ReadMemory at 0x7ffcbf020000 of 64 bytes failed: Seule une partie d’une requête ReadProcessMemory ou WriteProcessMemory a été effectuée. (0x12B)
[1016/141632.665:WARNING:pe_image_reader.cc(340)] could not read dos header from C:\WINDOWS\System32\WINTRUST.dll
[1016/141632.665:ERROR:process_memory_win.cc(73)] ReadMemory at 0x7ffcbeec0000 of 64 bytes failed: Seule une partie d’une requête ReadProcessMemory ou WriteProcessMemory a été effectuée. (0x12B)
[1016/141632.665:WARNING:pe_image_reader.cc(340)] could not read dos header from C:\WINDOWS\System32\CRYPT32.dll
[1016/141632.665:ERROR:process_memory_win.cc(73)] ReadMemory at 0x7ffc9f850000 of 64 bytes failed: Seule une partie d’une requête ReadProcessMemory ou WriteProcessMemory a été effectuée. (0x12B)
[1016/141632.665:WARNING:pe_image_reader.cc(340)] could not read dos header from C:\WINDOWS\SYSTEM32\dbghelp.dll
[1016/141632.665:ERROR:process_memory_win.cc(73)] ReadMemory at 0x7ffcbe350000 of 64 bytes failed: Seule une partie d’une requête ReadProcessMemory ou WriteProcessMemory a été effectuée. (0x12B)
[1016/141632.666:WARNING:pe_image_reader.cc(340)] could not read dos header from C:\WINDOWS\SYSTEM32\IPHLPAPI.DLL
[1016/141632.666:ERROR:process_memory_win.cc(73)] ReadMemory at 0x7ffca8770000 of 64 bytes failed: Seule une partie d’une requête ReadProcessMemory ou WriteProcessMemory a été effectuée. (0x12B)
[1016/141632.666:WARNING:pe_image_reader.cc(340)] could not read dos header from C:\WINDOWS\SYSTEM32\WINMM.dll
[1016/141632.666:ERROR:process_memory_win.cc(73)] ReadMemory at 0x7ffc843e0000 of 64 bytes failed: Seule une partie d’une requête ReadProcessMemory ou WriteProcessMemory a été effectuée. (0x12B)
[1016/141632.666:WARNING:pe_image_reader.cc(340)] could not read dos header from C:\WINDOWS\SYSTEM32\UIAutomationCore.DLL
[1016/141632.666:ERROR:process_memory_win.cc(73)] ReadMemory at 0x7ffca5500000 of 64 bytes failed: Seule une partie d’une requête ReadProcessMemory ou WriteProcessMemory a été effectuée. (0x12B)
[1016/141632.667:WARNING:pe_image_reader.cc(340)] could not read dos header from C:\WINDOWS\SYSTEM32\Secur32.dll
[1016/141632.667:ERROR:process_memory_win.cc(73)] ReadMemory at 0x7ffcbedb0000 of 64 bytes failed: Seule une partie d’une requête ReadProcessMemory ou WriteProcessMemory a été effectuée. (0x12B)
[1016/141632.667:WARNING:pe_image_reader.cc(340)] could not read dos header from C:\WINDOWS\SYSTEM32\USERENV.dll
[1016/141632.667:ERROR:process_memory_win.cc(73)] ReadMemory at 0x7ffca9240000 of 64 bytes failed: Seule une partie d’une requête ReadProcessMemory ou WriteProcessMemory a été effectuée. (0x12B)
[1016/141632.667:WARNING:pe_image_reader.cc(340)] could not read dos header from C:\WINDOWS\SYSTEM32\DWrite.dll
[1016/141632.667:ERROR:process_memory_win.cc(73)] ReadMemory at 0x7ffca5f50000 of 64 bytes failed: Seule une partie d’une requête ReadProcessMemory ou WriteProcessMemory a été effectuée. (0x12B)
[1016/141632.667:WARNING:pe_image_reader.cc(340)] could not read dos header from C:\WINDOWS\SYSTEM32\WINSPOOL.DRV
[1016/141632.667:ERROR:process_memory_win.cc(73)] ReadMemory at 0x7ffca9100000 of 64 bytes failed: Seule une partie d’une requête ReadProcessMemory ou WriteProcessMemory a été effectuée. (0x12B)
[1016/141632.667:WARNING:pe_image_reader.cc(340)] could not read dos header from C:\WINDOWS\SYSTEM32\WINHTTP.dll
[1016/141632.667:ERROR:process_memory_win.cc(73)] ReadMemory at 0x7ffcb7580000 of 64 bytes failed: Seule une partie d’une requête ReadProcessMemory ou WriteProcessMemory a été effectuée. (0x12B)
[1016/141632.668:WARNING:pe_image_reader.cc(340)] could not read dos header from C:\WINDOWS\SYSTEM32\dhcpcsvc.DLL
[1016/141632.668:ERROR:process_memory_win.cc(73)] ReadMemory at 0x7ffcbaa40000 of 64 bytes failed: Seule une partie d’une requête ReadProcessMemory ou WriteProcessMemory a été effectuée. (0x12B)
[1016/141632.668:WARNING:pe_image_reader.cc(340)] could not read dos header from C:\WINDOWS\SYSTEM32\PROPSYS.dll
[1016/141632.668:ERROR:process_memory_win.cc(73)] ReadMemory at 0x7ffcbed70000 of 64 bytes failed: Seule une partie d’une requête ReadProcessMemory ou WriteProcessMemory a été effectuée. (0x12B)
[1016/141632.668:WARNING:pe_image_reader.cc(340)] could not read dos header from C:\WINDOWS\SYSTEM32\SSPICLI.DLL
[1016/141632.668:ERROR:process_memory_win.cc(73)] ReadMemory at 0x7ffcbeab0000 of 64 bytes failed: Seule une partie d’une requête ReadProcessMemory ou WriteProcessMemory a été effectuée. (0x12B)
[1016/141632.668:WARNING:pe_image_reader.cc(340)] could not read dos header from C:\WINDOWS\System32\MSASN1.dll
[1016/141632.668:ERROR:process_memory_win.cc(73)] ReadMemory at 0x7ffcbf360000 of 64 bytes failed: Seule une partie d’une requête ReadProcessMemory ou WriteProcessMemory a été effectuée. (0x12B)
[1016/141632.668:WARNING:pe_image_reader.cc(340)] could not read dos header from C:\WINDOWS\System32\bcryptPrimitives.dll
[1016/141632.668:ERROR:process_memory_win.cc(73)] ReadMemory at 0x7ffcbe8a0000 of 64 bytes failed: Seule une partie d’une requête ReadProcessMemory ou WriteProcessMemory a été effectuée. (0x12B)
[1016/141632.668:WARNING:pe_image_reader.cc(340)] could not read dos header from C:\WINDOWS\SYSTEM32\CRYPTBASE.DLL
[1016/141632.694:ERROR:process_memory_win.cc(73)] ReadMemory at 0xbcde5ec000 of 81920 bytes failed: Seule une partie d’une requête ReadProcessMemory ou WriteProcessMemory a été effectuée. (0x12B)
[1016/141632.695:ERROR:process_memory_win.cc(73)] ReadMemory at 0xbcdedfe000 of 8192 bytes failed: Seule une partie d’une requête ReadProcessMemory ou WriteProcessMemory a été effectuée. (0x12B)
[1016/141632.696:ERROR:process_memory_win.cc(73)] ReadMemory at 0xbcdfdfe000 of 8192 bytes failed: Seule une partie d’une requête ReadProcessMemory ou WriteProcessMemory a été effectuée. (0x12B)
[1016/141632.696:ERROR:process_memory_win.cc(73)] ReadMemory at 0xbce05fc000 of 16384 bytes failed: Seule une partie d’une requête ReadProcessMemory ou WriteProcessMemory a été effectuée. (0x12B)
[1016/141632.696:ERROR:process_memory_win.cc(73)] ReadMemory at 0xbce15fe000 of 8192 bytes failed: Seule une partie d’une requête ReadProcessMemory ou WriteProcessMemory a été effectuée. (0x12B)
[1016/141632.696:ERROR:process_memory_win.cc(73)] ReadMemory at 0xbce1dfe000 of 8192 bytes failed: Seule une partie d’une requête ReadProcessMemory ou WriteProcessMemory a été effectuée. (0x12B)
[1016/141632.697:ERROR:process_memory_win.cc(73)] ReadMemory at 0xbce25fe000 of 8192 bytes failed: Seule une partie d’une requête ReadProcessMemory ou WriteProcessMemory a été effectuée. (0x12B)
[1016/141632.697:ERROR:process_memory_win.cc(73)] ReadMemory at 0xbce2dfe000 of 8192 bytes failed: Seule une partie d’une requête ReadProcessMemory ou WriteProcessMemory a été effectuée. (0x12B)
[1016/141632.697:ERROR:process_memory_win.cc(73)] ReadMemory at 0xbce35fe000 of 8192 bytes failed: Seule une partie d’une requête ReadProcessMemory ou WriteProcessMemory a été effectuée. (0x12B)
[1016/141632.697:ERROR:process_memory_win.cc(73)] ReadMemory at 0xbce3dfe000 of 8192 bytes failed: Seule une partie d’une requête ReadProcessMemory ou WriteProcessMemory a été effectuée. (0x12B)
[1016/141632.698:ERROR:process_memory_win.cc(73)] ReadMemory at 0xbce45fe000 of 8192 bytes failed: Seule une partie d’une requête ReadProcessMemory ou WriteProcessMemory a été effectuée. (0x12B)
[1016/141632.698:ERROR:process_memory_win.cc(73)] ReadMemory at 0xbce4dfe000 of 8192 bytes failed: Seule une partie d’une requête ReadProcessMemory ou WriteProcessMemory a été effectuée. (0x12B)
[1016/141632.698:ERROR:process_memory_win.cc(73)] ReadMemory at 0xbce55fe000 of 8192 bytes failed: Seule une partie d’une requête ReadProcessMemory ou WriteProcessMemory a été effectuée. (0x12B)
[1016/141632.699:ERROR:process_memory_win.cc(73)] ReadMemory at 0xbce7dfe000 of 8192 bytes failed: Seule une partie d’une requête ReadProcessMemory ou WriteProcessMemory a été effectuée. (0x12B)
[1016/141632.699:ERROR:process_memory_win.cc(73)] ReadMemory at 0xbce0dfe000 of 8192 bytes failed: Seule une partie d’une requête ReadProcessMemory ou WriteProcessMemory a été effectuée. (0x12B)
[1016/141632.699:ERROR:process_memory_win.cc(73)] ReadMemory at 0xbcdf5fe000 of 8192 bytes failed: Seule une partie d’une requête ReadProcessMemory ou WriteProcessMemory a été effectuée. (0x12B)
[1016/141632.699:ERROR:process_memory_win.cc(73)] ReadMemory at 0xbce5dfe000 of 8192 bytes failed: Seule une partie d’une requête ReadProcessMemory ou WriteProcessMemory a été effectuée. (0x12B)
[1016/141632.700:ERROR:process_memory_win.cc(73)] ReadMemory at 0xbcddcbf000 of 852 bytes failed: Seule une partie d’une requête ReadProcessMemory ou WriteProcessMemory a été effectuée. (0x12B)
[1016/141632.700:ERROR:process_memory_win.cc(73)] ReadMemory at 0xbcddcc0000 of 6024 bytes failed: Seule une partie d’une requête ReadProcessMemory ou WriteProcessMemory a été effectuée. (0x12B)
[1016/141632.700:ERROR:process_memory_win.cc(73)] ReadMemory at 0xbcddcc2000 of 6024 bytes failed: Seule une partie d’une requête ReadProcessMemory ou WriteProcessMemory a été effectuée. (0x12B)
[1016/141632.700:ERROR:process_memory_win.cc(73)] ReadMemory at 0xbcddcc6000 of 6024 bytes failed: Seule une partie d’une requête ReadProcessMemory ou WriteProcessMemory a été effectuée. (0x12B)
[1016/141632.701:ERROR:process_memory_win.cc(73)] ReadMemory at 0xbcddcc8000 of 6024 bytes failed: Seule une partie d’une requête ReadProcessMemory ou WriteProcessMemory a été effectuée. (0x12B)
[1016/141632.701:ERROR:process_memory_win.cc(73)] ReadMemory at 0xbcddccc000 of 6024 bytes failed: Seule une partie d’une requête ReadProcessMemory ou WriteProcessMemory a été effectuée. (0x12B)
[1016/141632.701:ERROR:process_memory_win.cc(73)] ReadMemory at 0xbcddcce000 of 6024 bytes failed: Seule une partie d’une requête ReadProcessMemory ou WriteProcessMemory a été effectuée. (0x12B)
[1016/141632.702:ERROR:process_memory_win.cc(73)] ReadMemory at 0xbcddcd0000 of 6024 bytes failed: Seule une partie d’une requête ReadProcessMemory ou WriteProcessMemory a été effectuée. (0x12B)
[1016/141632.702:ERROR:process_memory_win.cc(73)] ReadMemory at 0xbcddcd2000 of 6024 bytes failed: Seule une partie d’une requête ReadProcessMemory ou WriteProcessMemory a été effectuée. (0x12B)
[1016/141632.702:ERROR:process_memory_win.cc(73)] ReadMemory at 0xbcddcd4000 of 6024 bytes failed: Seule une partie d’une requête ReadProcessMemory ou WriteProcessMemory a été effectuée. (0x12B)
[1016/141632.703:ERROR:process_memory_win.cc(73)] ReadMemory at 0xbcddcd6000 of 6024 bytes failed: Seule une partie d’une requête ReadProcessMemory ou WriteProcessMemory a été effectuée. (0x12B)
[1016/141632.703:ERROR:process_memory_win.cc(73)] ReadMemory at 0xbcddcd8000 of 6024 bytes failed: Seule une partie d’une requête ReadProcessMemory ou WriteProcessMemory a été effectuée. (0x12B)
[1016/141632.703:ERROR:process_memory_win.cc(73)] ReadMemory at 0xbcddcda000 of 6024 bytes failed: Seule une partie d’une requête ReadProcessMemory ou WriteProcessMemory a été effectuée. (0x12B)
[1016/141632.704:ERROR:process_memory_win.cc(73)] ReadMemory at 0xbcddcdc000 of 6024 bytes failed: Seule une partie d’une requête ReadProcessMemory ou WriteProcessMemory a été effectuée. (0x12B)
[1016/141632.704:ERROR:process_memory_win.cc(73)] ReadMemory at 0xbcddce6000 of 6024 bytes failed: Seule une partie d’une requête ReadProcessMemory ou WriteProcessMemory a été effectuée. (0x12B)
[1016/141632.704:ERROR:process_memory_win.cc(73)] ReadMemory at 0xbcddcf6000 of 6024 bytes failed: Seule une partie d’une requête ReadProcessMemory ou WriteProcessMemory a été effectuée. (0x12B)
[1016/141632.705:ERROR:process_memory_win.cc(73)] ReadMemory at 0xbcddcfa000 of 6024 bytes failed: Seule une partie d’une requête ReadProcessMemory ou WriteProcessMemory a été effectuée. (0x12B)
[1016/141632.705:ERROR:process_memory_win.cc(73)] ReadMemory at 0xbcddcfc000 of 6024 bytes failed: Seule une partie d’une requête ReadProcessMemory ou WriteProcessMemory a été effectuée. (0x12B)
[1016/141632.705:ERROR:process_memory_win.cc(73)] ReadMemory at 0x23ca21b7070 of 1012 bytes failed: Seule une partie d’une requête ReadProcessMemory ou WriteProcessMemory a été effectuée. (0x12B)
[1016/141632.705:ERROR:process_memory_win.cc(73)] ReadMemory at 0x23ca21b76b8 of 144 bytes failed: Seule une partie d’une requête ReadProcessMemory ou WriteProcessMemory a été effectuée. (0x12B)
[1016/141632.706:ERROR:process_memory_win.cc(73)] ReadMemory at 0x23ca21b774a of 2180 bytes failed: Seule une partie d’une requête ReadProcessMemory ou WriteProcessMemory a été effectuée. (0x12B)
[1016/141632.706:ERROR:process_memory_win.cc(73)] ReadMemory at 0x23ca21b7fd0 of 144 bytes failed: Seule une partie d’une requête ReadProcessMemory ou WriteProcessMemory a été effectuée. (0x12B)
[1016/141632.706:ERROR:process_memory_win.cc(73)] ReadMemory at 0x23ca21b8062 of 100 bytes failed: Seule une partie d’une requête ReadProcessMemory ou WriteProcessMemory a été effectuée. (0x12B)
[1016/141632.706:ERROR:process_memory_win.cc(73)] ReadMemory at 0x23ca21b80e0 of 58 bytes failed: Seule une partie d’une requête ReadProcessMemory ou WriteProcessMemory a été effectuée. (0x12B)
[1016/141632.707:ERROR:process_memory_win.cc(73)] ReadMemory at 0x23ca21b81e0 of 132 bytes failed: Seule une partie d’une requête ReadProcessMemory ou WriteProcessMemory a été effectuée. (0x12B)
[1016/141632.707:ERROR:process_memory_win.cc(73)] ReadMemory at 0x23ca21b8370 of 132 bytes failed: Seule une partie d’une requête ReadProcessMemory ou WriteProcessMemory a été effectuée. (0x12B)
[1016/141632.707:ERROR:process_memory_win.cc(73)] ReadMemory at 0x23ca21b8530 of 148 bytes failed: Seule une partie d’une requête ReadProcessMemory ou WriteProcessMemory a été effectuée. (0x12B)
[1016/141632.707:ERROR:process_memory_win.cc(73)] ReadMemory at 0x23ca21b8a30 of 132 bytes failed: Seule une partie d’une requête ReadProcessMemory ou WriteProcessMemory a été effectuée. (0x12B)
[1016/141632.707:ERROR:process_memory_win.cc(73)] ReadMemory at 0x23ca21b8bc0 of 64 bytes failed: Seule une partie d’une requête ReadProcessMemory ou WriteProcessMemory a été effectuée. (0x12B)
[1016/141632.708:ERROR:process_memory_win.cc(73)] ReadMemory at 0x23ca21b8d90 of 132 bytes failed: Seule une partie d’une requête ReadProcessMemory ou WriteProcessMemory a été effectuée. (0x12B)
[1016/141632.708:ERROR:process_memory_win.cc(73)] ReadMemory at 0x23ca21b9040 of 132 bytes failed: Seule une partie d’une requête ReadProcessMemory ou WriteProcessMemory a été effectuée. (0x12B)
[1016/141632.708:ERROR:process_memory_win.cc(73)] ReadMemory at 0x23ca21b91d0 of 68 bytes failed: Seule une partie d’une requête ReadProcessMemory ou WriteProcessMemory a été effectuée. (0x12B)
[1016/141632.708:ERROR:process_memory_win.cc(73)] ReadMemory at 0x23ca21ba560 of 132 bytes failed: Seule une partie d’une requête ReadProcessMemory ou WriteProcessMemory a été effectuée. (0x12B)
[1016/141632.708:ERROR:process_memory_win.cc(73)] ReadMemory at 0x23ca21ba690 of 176 bytes failed: Seule une partie d’une requête ReadProcessMemory ou WriteProcessMemory a été effectuée. (0x12B)
[1016/141632.708:ERROR:process_memory_win.cc(73)] ReadMemory at 0x23ca21baf50 of 62 bytes failed: Seule une partie d’une requête ReadProcessMemory ou WriteProcessMemory a été effectuée. (0x12B)
[1016/141632.709:ERROR:process_memory_win.cc(73)] ReadMemory at 0x23ca21be610 of 168 bytes failed: Seule une partie d’une requête ReadProcessMemory ou WriteProcessMemory a été effectuée. (0x12B)
[1016/141632.709:ERROR:process_memory_win.cc(73)] ReadMemory at 0x23ca21beeb0 of 132 bytes failed: Seule une partie d’une requête ReadProcessMemory ou WriteProcessMemory a été effectuée. (0x12B)
[1016/141632.709:ERROR:process_memory_win.cc(73)] ReadMemory at 0x23ca21bf040 of 60 bytes failed: Seule une partie d’une requête ReadProcessMemory ou WriteProcessMemory a été effectuée. (0x12B)
[1016/141632.709:ERROR:process_memory_win.cc(73)] ReadMemory at 0x23ca21d4a90 of 132 bytes failed: Seule une partie d’une requête ReadProcessMemory ou WriteProcessMemory a été effectuée. (0x12B)
[1016/141632.709:ERROR:process_memory_win.cc(73)] ReadMemory at 0x23ca21d4bc0 of 132 bytes failed: Seule une partie d’une requête ReadProcessMemory ou WriteProcessMemory a été effectuée. (0x12B)
[1016/141632.710:ERROR:process_memory_win.cc(73)] ReadMemory at 0x23ca21d4cf0 of 132 bytes failed: Seule une partie d’une requête ReadProcessMemory ou WriteProcessMemory a été effectuée. (0x12B)
[1016/141632.710:ERROR:process_memory_win.cc(73)] ReadMemory at 0x23ca21d4e20 of 132 bytes failed: Seule une partie d’une requête ReadProcessMemory ou WriteProcessMemory a été effectuée. (0x12B)
[1016/141632.710:ERROR:process_memory_win.cc(73)] ReadMemory at 0x23ca21d4f50 of 132 bytes failed: Seule une partie d’une requête ReadProcessMemory ou WriteProcessMemory a été effectuée. (0x12B)
[1016/141632.710:ERROR:process_memory_win.cc(73)] ReadMemory at 0x23ca21d5080 of 132 bytes failed: Seule une partie d’une requête ReadProcessMemory ou WriteProcessMemory a été effectuée. (0x12B)
[1016/141632.711:ERROR:process_memory_win.cc(73)] ReadMemory at 0x23ca21d51b0 of 132 bytes failed: Seule une partie d’une requête ReadProcessMemory ou WriteProcessMemory a été effectuée. (0x12B)
[1016/141632.711:ERROR:process_memory_win.cc(73)] ReadMemory at 0x23ca21d52e0 of 132 bytes failed: Seule une partie d’une requête ReadProcessMemory ou WriteProcessMemory a été effectuée. (0x12B)
[1016/141632.711:ERROR:process_memory_win.cc(73)] ReadMemory at 0x23ca21d5410 of 132 bytes failed: Seule une partie d’une requête ReadProcessMemory ou WriteProcessMemory a été effectuée. (0x12B)
[1016/141632.711:ERROR:process_memory_win.cc(73)] ReadMemory at 0x23ca21d5540 of 132 bytes failed: Seule une partie d’une requête ReadProcessMemory ou WriteProcessMemory a été effectuée. (0x12B)
[1016/141632.711:ERROR:process_memory_win.cc(73)] ReadMemory at 0x23ca21d5670 of 132 bytes failed: Seule une partie d’une requête ReadProcessMemory ou WriteProcessMemory a été effectuée. (0x12B)
[1016/141632.712:ERROR:process_memory_win.cc(73)] ReadMemory at 0x23ca21d57a0 of 132 bytes failed: Seule une partie d’une requête ReadProcessMemory ou WriteProcessMemory a été effectuée. (0x12B)
[1016/141632.712:ERROR:process_memory_win.cc(73)] ReadMemory at 0x23ca21d58d0 of 132 bytes failed: Seule une partie d’une requête ReadProcessMemory ou WriteProcessMemory a été effectuée. (0x12B)
[1016/141632.712:ERROR:process_memory_win.cc(73)] ReadMemory at 0x23ca21d8d40 of 132 bytes failed: Seule une partie d’une requête ReadProcessMemory ou WriteProcessMemory a été effectuée. (0x12B)
[1016/141632.712:ERROR:process_memory_win.cc(73)] ReadMemory at 0x23ca21d8e70 of 132 bytes failed: Seule une partie d’une requête ReadProcessMemory ou WriteProcessMemory a été effectuée. (0x12B)
[1016/141632.712:ERROR:process_memory_win.cc(73)] ReadMemory at 0x23ca21dbd70 of 132 bytes failed: Seule une partie d’une requête ReadProcessMemory ou WriteProcessMemory a été effectuée. (0x12B)
[1016/141632.713:ERROR:process_memory_win.cc(73)] ReadMemory at 0x23ca21dcbe0 of 60 bytes failed: Seule une partie d’une requête ReadProcessMemory ou WriteProcessMemory a été effectuée. (0x12B)
[1016/141632.713:ERROR:process_memory_win.cc(73)] ReadMemory at 0x23ca21dccd0 of 62 bytes failed: Seule une partie d’une requête ReadProcessMemory ou WriteProcessMemory a été effectuée. (0x12B)
[1016/141632.713:ERROR:process_memory_win.cc(73)] ReadMemory at 0x23ca21dcf00 of 64 bytes failed: Seule une partie d’une requête ReadProcessMemory ou WriteProcessMemory a été effectuée. (0x12B)
[1016/141632.713:ERROR:process_memory_win.cc(73)] ReadMemory at 0x23ca21dcff0 of 64 bytes failed: Seule une partie d’une requête ReadProcessMemory ou WriteProcessMemory a été effectuée. (0x12B)
[1016/141632.713:ERROR:process_memory_win.cc(73)] ReadMemory at 0x23ca21dd130 of 62 bytes failed: Seule une partie d’une requête ReadProcessMemory ou WriteProcessMemory a été effectuée. (0x12B)
[1016/141632.713:ERROR:process_memory_win.cc(73)] ReadMemory at 0x23ca21dd180 of 62 bytes failed: Seule une partie d’une requête ReadProcessMemory ou WriteProcessMemory a été effectuée. (0x12B)
[1016/141632.714:ERROR:process_memory_win.cc(73)] ReadMemory at 0x23ca21dd1d0 of 62 bytes failed: Seule une partie d’une requête ReadProcessMemory ou WriteProcessMemory a été effectuée. (0x12B)
[1016/141632.714:ERROR:process_memory_win.cc(73)] ReadMemory at 0x23ca21dd220 of 64 bytes failed: Seule une partie d’une requête ReadProcessMemory ou WriteProcessMemory a été effectuée. (0x12B)
[1016/141632.714:ERROR:process_memory_win.cc(73)] ReadMemory at 0x23ca21dd4a0 of 64 bytes failed: Seule une partie d’une requête ReadProcessMemory ou WriteProcessMemory a été effectuée. (0x12B)
[1016/141632.714:ERROR:process_memory_win.cc(73)] ReadMemory at 0x23ca21dd4f0 of 60 bytes failed: Seule une partie d’une requête ReadProcessMemory ou WriteProcessMemory a été effectuée. (0x12B)
[1016/141632.715:ERROR:process_memory_win.cc(73)] ReadMemory at 0x23ca21dd540 of 66 bytes failed: Seule une partie d’une requête ReadProcessMemory ou WriteProcessMemory a été effectuée. (0x12B)
[1016/141632.715:ERROR:process_memory_win.cc(73)] ReadMemory at 0x23ca21dd810 of 64 bytes failed: Seule une partie d’une requête ReadProcessMemory ou WriteProcessMemory a été effectuée. (0x12B)
[1016/141632.715:ERROR:process_memory_win.cc(73)] ReadMemory at 0x23ca21df790 of 132 bytes failed: Seule une partie d’une requête ReadProcessMemory ou WriteProcessMemory a été effectuée. (0x12B)
[1016/141632.715:ERROR:process_memory_win.cc(73)] ReadMemory at 0x23ca21df9b0 of 132 bytes failed: Seule une partie d’une requête ReadProcessMemory ou WriteProcessMemory a été effectuée. (0x12B)
[1016/141632.716:ERROR:process_memory_win.cc(73)] ReadMemory at 0x23ca21dfd00 of 132 bytes failed: Seule une partie d’une requête ReadProcessMemory ou WriteProcessMemory a été effectuée. (0x12B)
[1016/141632.716:ERROR:process_memory_win.cc(73)] ReadMemory at 0x23ca21e1920 of 132 bytes failed: Seule une partie d’une requête ReadProcessMemory ou WriteProcessMemory a été effectuée. (0x12B)
[1016/141632.716:ERROR:process_memory_win.cc(73)] ReadMemory at 0x23ca21e2170 of 132 bytes failed: Seule une partie d’une requête ReadProcessMemory ou WriteProcessMemory a été effectuée. (0x12B)
[1016/141632.716:ERROR:process_memory_win.cc(73)] ReadMemory at 0x23ca21e22a0 of 132 bytes failed: Seule une partie d’une requête ReadProcessMemory ou WriteProcessMemory a été effectuée. (0x12B)
[1016/141632.716:ERROR:process_memory_win.cc(73)] ReadMemory at 0x23ca21e7550 of 80 bytes failed: Seule une partie d’une requête ReadProcessMemory ou WriteProcessMemory a été effectuée. (0x12B)
[1016/141632.717:ERROR:process_memory_win.cc(73)] ReadMemory at 0x23ca21e7a90 of 80 bytes failed: Seule une partie d’une requête ReadProcessMemory ou WriteProcessMemory a été effectuée. (0x12B)
[1016/141632.717:ERROR:process_memory_win.cc(73)] ReadMemory at 0x23ca21e8ac0 of 64 bytes failed: Seule une partie d’une requête ReadProcessMemory ou WriteProcessMemory a été effectuée. (0x12B)
[1016/141632.717:ERROR:process_memory_win.cc(73)] ReadMemory at 0x23ca21e8b10 of 62 bytes failed: Seule une partie d’une requête ReadProcessMemory ou WriteProcessMemory a été effectuée. (0x12B)
[1016/141632.717:ERROR:process_memory_win.cc(73)] ReadMemory at 0x23ca21e8b60 of 64 bytes failed: Seule une partie d’une requête ReadProcessMemory ou WriteProcessMemory a été effectuée. (0x12B)
[1016/141632.717:ERROR:process_memory_win.cc(73)] ReadMemory at 0x23ca21e8cf0 of 62 bytes failed: Seule une partie d’une requête ReadProcessMemory ou WriteProcessMemory a été effectuée. (0x12B)
[1016/141632.717:ERROR:process_memory_win.cc(73)] ReadMemory at 0x23ca21e8de0 of 60 bytes failed: Seule une partie d’une requête ReadProcessMemory ou WriteProcessMemory a été effectuée. (0x12B)
[1016/141632.718:ERROR:process_memory_win.cc(73)] ReadMemory at 0x23ca21e8ed0 of 58 bytes failed: Seule une partie d’une requête ReadProcessMemory ou WriteProcessMemory a été effectuée. (0x12B)
[1016/141632.718:ERROR:process_memory_win.cc(73)] ReadMemory at 0x23ca21e95b0 of 62 bytes failed: Seule une partie d’une requête ReadProcessMemory ou WriteProcessMemory a été effectuée. (0x12B)
[1016/141632.718:ERROR:process_memory_win.cc(73)] ReadMemory at 0x23ca21e9740 of 62 bytes failed: Seule une partie d’une requête ReadProcessMemory ou WriteProcessMemory a été effectuée. (0x12B)
[1016/141632.719:ERROR:process_memory_win.cc(73)] ReadMemory at 0x23ca21e9880 of 62 bytes failed: Seule une partie d’une requête ReadProcessMemory ou WriteProcessMemory a été effectuée. (0x12B)
[1016/141632.719:ERROR:process_memory_win.cc(73)] ReadMemory at 0x23ca21e9970 of 60 bytes failed: Seule une partie d’une requête ReadProcessMemory ou WriteProcessMemory a été effectuée. (0x12B)
[1016/141632.719:ERROR:process_memory_win.cc(73)] ReadMemory at 0x23ca21e9ef0 of 132 bytes failed: Seule une partie d’une requête ReadProcessMemory ou WriteProcessMemory a été effectuée. (0x12B)
[1016/141632.719:ERROR:process_memory_win.cc(73)] ReadMemory at 0x23ca21ea020 of 132 bytes failed: Seule une partie d’une requête ReadProcessMemory ou WriteProcessMemory a été effectuée. (0x12B)
[1016/141632.720:ERROR:process_memory_win.cc(73)] ReadMemory at 0x23ca21eaf90 of 132 bytes failed: Seule une partie d’une requête ReadProcessMemory ou WriteProcessMemory a été effectuée. (0x12B)
[1016/141632.720:ERROR:process_memory_win.cc(73)] ReadMemory at 0x23ca2281480 of 512 bytes failed: Seule une partie d’une requête ReadProcessMemory ou WriteProcessMemory a été effectuée. (0x12B)
[1016/141632.720:ERROR:process_memory_win.cc(73)] ReadMemory at 0x23ca22b10c0 of 512 bytes failed: Seule une partie d’une requête ReadProcessMemory ou WriteProcessMemory a été effectuée. (0x12B)
[1016/141632.721:ERROR:process_memory_win.cc(73)] ReadMemory at 0x23ca22b2200 of 512 bytes failed: Seule une partie d’une requête ReadProcessMemory ou WriteProcessMemory a été effectuée. (0x12B)
[1016/141632.721:ERROR:process_memory_win.cc(73)] ReadMemory at 0x23ca2829870 of 512 bytes failed: Seule une partie d’une requête ReadProcessMemory ou WriteProcessMemory a été effectuée. (0x12B)
[1016/141632.721:ERROR:process_memory_win.cc(73)] ReadMemory at 0x23ca283f2d0 of 512 bytes failed: Seule une partie d’une requête ReadProcessMemory ou WriteProcessMemory a été effectuée. (0x12B)
[1016/141632.722:ERROR:process_memory_win.cc(73)] ReadMemory at 0x23ca2841900 of 712 bytes failed: Seule une partie d’une requête ReadProcessMemory ou WriteProcessMemory a été effectuée. (0x12B)
[1016/141632.722:ERROR:process_memory_win.cc(73)] ReadMemory at 0x23ca47c0cc0 of 512 bytes failed: Seule une partie d’une requête ReadProcessMemory ou WriteProcessMemory a été effectuée. (0x12B)
[1016/141632.723:ERROR:process_memory_win.cc(73)] ReadMemory at 0x23ca47eaaf0 of 560 bytes failed: Seule une partie d’une requête ReadProcessMemory ou WriteProcessMemory a été effectuée. (0x12B)
[1016/141632.723:ERROR:process_memory_win.cc(73)] ReadMemory at 0x23ca49529f0 of 512 bytes failed: Seule une partie d’une requête ReadProcessMemory ou WriteProcessMemory a été effectuée. (0x12B)
[1016/141632.723:ERROR:process_memory_win.cc(73)] ReadMemory at 0x23ca4dfc4f0 of 512 bytes failed: Seule une partie d’une requête ReadProcessMemory ou WriteProcessMemory a été effectuée. (0x12B)
[1016/141632.724:ERROR:process_memory_win.cc(73)] ReadMemory at 0x23ca4f83af8 of 512 bytes failed: Seule une partie d’une requête ReadProcessMemory ou WriteProcessMemory a été effectuée. (0x12B)
[1016/141632.724:ERROR:process_memory_win.cc(73)] ReadMemory at 0x23ca4fabb90 of 512 bytes failed: Seule une partie d’une requête ReadProcessMemory ou WriteProcessMemory a été effectuée. (0x12B)
[1016/141632.725:ERROR:process_memory_win.cc(73)] ReadMemory at 0x18603bea2228 of 512 bytes failed: Seule une partie d’une requête ReadProcessMemory ou WriteProcessMemory a été effectuée. (0x12B)
[1016/141632.725:ERROR:process_memory_win.cc(73)] ReadMemory at 0x4817c6d537d8 of 512 bytes failed: Seule une partie d’une requête ReadProcessMemory ou WriteProcessMemory a été effectuée. (0x12B)
[1016/141632.725:ERROR:process_memory_win.cc(73)] ReadMemory at 0x7ddeb5ef804c of 512 bytes failed: Seule une partie d’une requête ReadProcessMemory ou WriteProcessMemory a été effectuée. (0x12B)
[1016/141632.726:ERROR:process_memory_win.cc(73)] ReadMemory at 0x7ffc16859e81 of 512 bytes failed: Seule une partie d’une requête ReadProcessMemory ou WriteProcessMemory a été effectuée. (0x12B)
[1016/141632.726:ERROR:process_memory_win.cc(73)] ReadMemory at 0x7ffc170edd02 of 512 bytes failed: Seule une partie d’une requête ReadProcessMemory ou WriteProcessMemory a été effectuée. (0x12B)
[1016/141632.726:ERROR:process_memory_win.cc(73)] ReadMemory at 0x7ffc19254560 of 512 bytes failed: Seule une partie d’une requête ReadProcessMemory ou WriteProcessMemory a été effectuée. (0x12B)
[1016/141632.727:ERROR:process_memory_win.cc(73)] ReadMemory at 0x7ffc1adc6d88 of 512 bytes failed: Seule une partie d’une requête ReadProcessMemory ou WriteProcessMemory a été effectuée. (0x12B)
[1016/141632.727:ERROR:process_memory_win.cc(73)] ReadMemory at 0x7ffcbf79d738 of 512 bytes failed: Seule une partie d’une requête ReadProcessMemory ou WriteProcessMemory a été effectuée. (0x12B)
[1016/141632.727:ERROR:process_memory_win.cc(73)] ReadMemory at 0x7ffcc11e4a50 of 512 bytes failed: Seule une partie d’une requête ReadProcessMemory ou WriteProcessMemory a été effectuée. (0x12B)
[1016/141632.727:ERROR:process_memory_win.cc(73)] ReadMemory at 0x7ffcc180bd94 of 672 bytes failed: Seule une partie d’une requête ReadProcessMemory ou WriteProcessMemory a été effectuée. (0x12B)
[1016/141632.727:ERROR:process_memory_win.cc(73)] ReadMemory at 0x7ffcc180c394 of 512 bytes failed: Seule une partie d’une requête ReadProcessMemory ou WriteProcessMemory a été effectuée. (0x12B)
[1016/141632.728:ERROR:process_memory_win.cc(73)] ReadMemory at 0x7ffcc180f704 of 608 bytes failed: Seule une partie d’une requête ReadProcessMemory ou WriteProcessMemory a été effectuée. (0x12B)
[1016/141632.728:ERROR:process_memory_win.cc(73)] ReadMemory at 0x7ffcc18a09f0 of 18 bytes failed: Seule une partie d’une requête ReadProcessMemory ou WriteProcessMemory a été effectuée. (0x12B)
[1016/141632.728:ERROR:process_memory_win.cc(73)] ReadMemory at 0x7ffcc18d54f8 of 40 bytes failed: Seule une partie d’une requête ReadProcessMemory ou WriteProcessMemory a été effectuée. (0x12B)
[1016/141632.729:ERROR:process_memory_win.cc(73)] ReadMemory at 0x7ffcc18d5978 of 48 bytes failed: Seule une partie d’une requête ReadProcessMemory ou WriteProcessMemory a été effectuée. (0x12B)
[1016/141632.729:ERROR:process_memory_win.cc(73)] ReadMemory at 0x7ffcc18db4c0 of 64 bytes failed: Seule une partie d’une requête ReadProcessMemory ou WriteProcessMemory a été effectuée. (0x12B)
[1016/141632.734:ERROR:scoped_process_suspend.cc(40)] NtResumeProcess: Tentative d’accès à un processus en cours d’arrêt. (0xc000010a)
[1016/142650.650:ERROR:directory_reader_win.cc(43)] FindFirstFile: Le chemin d’accès spécifié est introuvable. (0x3)
